<?xml version="1.0" encoding="UTF-8"?>
<testsuite xmlns:xsi="http://www.w3.org/2001/XMLSchema-instance" xsi:noNamespaceSchemaLocation="https://maven.apache.org/surefire/maven-surefire-plugin/xsd/surefire-test-report-3.0.xsd" version="3.0" name="cucumber.options.TestRunner" time="3.926" tests="1" errors="0" skipped="0" failures="0">
  <properties>
    <property name="java.specification.version" value="21"/>
    <property name="sun.jnu.encoding" value="UTF-8"/>
    <property name="java.class.path" value="/Users/ravikantmishra/Documents/Automating_API/target/test-classes:/Users/ravikantmishra/Documents/Automating_API/target/classes:/Users/ravikantmishra/.m2/repository/io/rest-assured/rest-assured/5.4.0/rest-assured-5.4.0.jar:/Users/ravikantmishra/.m2/repository/org/apache/groovy/groovy/4.0.16/groovy-4.0.16.jar:/Users/ravikantmishra/.m2/repository/org/apache/groovy/groovy-xml/4.0.16/groovy-xml-4.0.16.jar:/Users/ravikantmishra/.m2/repository/org/apache/httpcomponents/httpclient/4.5.13/httpclient-4.5.13.jar:/Users/ravikantmishra/.m2/repository/org/apache/httpcomponents/httpcore/4.4.13/httpcore-4.4.13.jar:/Users/ravikantmishra/.m2/repository/commons-logging/commons-logging/1.2/commons-logging-1.2.jar:/Users/ravikantmishra/.m2/repository/commons-codec/commons-codec/1.11/commons-codec-1.11.jar:/Users/ravikantmishra/.m2/repository/org/apache/httpcomponents/httpmime/4.5.13/httpmime-4.5.13.jar:/Users/ravikantmishra/.m2/repository/org/hamcrest/hamcrest/2.2/hamcrest-2.2.jar:/Users/ravikantmishra/.m2/repository/org/ccil/cowan/tagsoup/tagsoup/1.2.1/tagsoup-1.2.1.jar:/Users/ravikantmishra/.m2/repository/io/rest-assured/json-path/5.4.0/json-path-5.4.0.jar:/Users/ravikantmishra/.m2/repository/org/apache/groovy/groovy-json/4.0.16/groovy-json-4.0.16.jar:/Users/ravikantmishra/.m2/repository/io/rest-assured/rest-assured-common/5.4.0/rest-assured-common-5.4.0.jar:/Users/ravikantmishra/.m2/repository/io/rest-assured/xml-path/5.4.0/xml-path-5.4.0.jar:/Users/ravikantmishra/.m2/repository/org/apache/commons/commons-lang3/3.11/commons-lang3-3.11.jar:/Users/ravikantmishra/.m2/repository/io/cucumber/cucumber-java/7.17.0/cucumber-java-7.17.0.jar:/Users/ravikantmishra/.m2/repository/io/cucumber/cucumber-core/7.17.0/cucumber-core-7.17.0.jar:/Users/ravikantmishra/.m2/repository/io/cucumber/cucumber-gherkin/7.17.0/cucumber-gherkin-7.17.0.jar:/Users/ravikantmishra/.m2/repository/io/cucumber/cucumber-gherkin-messages/7.17.0/cucumber-gherkin-messages-7.17.0.jar:/Users/ravikantmishra/.m2/repository/io/cucumber/gherkin/28.0.0/gherkin-28.0.0.jar:/Users/ravikantmishra/.m2/repository/io/cucumber/messages/24.1.0/messages-24.1.0.jar:/Users/ravikantmishra/.m2/repository/io/cucumber/testng-xml-formatter/0.1.0/testng-xml-formatter-0.1.0.jar:/Users/ravikantmishra/.m2/repository/io/cucumber/query/12.1.2/query-12.1.2.jar:/Users/ravikantmishra/.m2/repository/io/cucumber/tag-expressions/6.1.0/tag-expressions-6.1.0.jar:/Users/ravikantmishra/.m2/repository/io/cucumber/cucumber-expressions/17.1.0/cucumber-expressions-17.1.0.jar:/Users/ravikantmishra/.m2/repository/io/cucumber/datatable/7.17.0/datatable-7.17.0.jar:/Users/ravikantmishra/.m2/repository/io/cucumber/cucumber-plugin/7.17.0/cucumber-plugin-7.17.0.jar:/Users/ravikantmishra/.m2/repository/io/cucumber/docstring/7.17.0/docstring-7.17.0.jar:/Users/ravikantmishra/.m2/repository/io/cucumber/html-formatter/21.3.1/html-formatter-21.3.1.jar:/Users/ravikantmishra/.m2/repository/io/cucumber/junit-xml-formatter/0.4.0/junit-xml-formatter-0.4.0.jar:/Users/ravikantmishra/.m2/repository/io/cucumber/ci-environment/10.0.1/ci-environment-10.0.1.jar:/Users/ravikantmishra/.m2/repository/org/apiguardian/apiguardian-api/1.1.2/apiguardian-api-1.1.2.jar:/Users/ravikantmishra/.m2/repository/io/cucumber/cucumber-junit/7.17.0/cucumber-junit-7.17.0.jar:/Users/ravikantmishra/.m2/repository/com/fasterxml/jackson/core/jackson-databind/2.17.0/jackson-databind-2.17.0.jar:/Users/ravikantmishra/.m2/repository/com/fasterxml/jackson/core/jackson-annotations/2.17.0/jackson-annotations-2.17.0.jar:/Users/ravikantmishra/.m2/repository/com/fasterxml/jackson/core/jackson-core/2.17.0/jackson-core-2.17.0.jar:/Users/ravikantmishra/.m2/repository/net/bytebuddy/byte-buddy/1.14.9/byte-buddy-1.14.9.jar:/Users/ravikantmishra/.m2/repository/org/codehaus/groovy/groovy/3.0.21/groovy-3.0.21.jar:/Users/ravikantmishra/.m2/repository/junit/junit/4.13.2/junit-4.13.2.jar:/Users/ravikantmishra/.m2/repository/org/hamcrest/hamcrest-core/1.3/hamcrest-core-1.3.jar:/Users/ravikantmishra/.m2/repository/io/cucumber/cucumber-picocontainer/7.17.0/cucumber-picocontainer-7.17.0.jar:/Users/ravikantmishra/.m2/repository/org/picocontainer/picocontainer/2.15/picocontainer-2.15.jar:"/>
    <property name="java.vm.vendor" value="Homebrew"/>
    <property name="sun.arch.data.model" value="64"/>
    <property name="java.vendor.url" value="https://github.com/Homebrew/homebrew-core/issues"/>
    <property name="os.name" value="Mac OS X"/>
    <property name="java.vm.specification.version" value="21"/>
    <property name="sun.java.launcher" value="SUN_STANDARD"/>
    <property name="user.country" value="GB"/>
    <property name="sun.boot.library.path" value="/opt/homebrew/Cellar/openjdk/21.0.2/libexec/openjdk.jdk/Contents/Home/lib"/>
    <property name="sun.java.command" value="/Users/ravikantmishra/Documents/Automating_API/target/surefire/surefirebooter-20240429152811262_3.jar /Users/ravikantmishra/Documents/Automating_API/target/surefire 2024-04-29T15-28-11_222-jvmRun1 surefire-20240429152811262_1tmp surefire_0-20240429152811262_2tmp"/>
    <property name="http.nonProxyHosts" value="local|*.local|169.254/16|*.169.254/16"/>
    <property name="jdk.debug" value="release"/>
    <property name="surefire.test.class.path" value="/Users/ravikantmishra/Documents/Automating_API/target/test-classes:/Users/ravikantmishra/Documents/Automating_API/target/classes:/Users/ravikantmishra/.m2/repository/io/rest-assured/rest-assured/5.4.0/rest-assured-5.4.0.jar:/Users/ravikantmishra/.m2/repository/org/apache/groovy/groovy/4.0.16/groovy-4.0.16.jar:/Users/ravikantmishra/.m2/repository/org/apache/groovy/groovy-xml/4.0.16/groovy-xml-4.0.16.jar:/Users/ravikantmishra/.m2/repository/org/apache/httpcomponents/httpclient/4.5.13/httpclient-4.5.13.jar:/Users/ravikantmishra/.m2/repository/org/apache/httpcomponents/httpcore/4.4.13/httpcore-4.4.13.jar:/Users/ravikantmishra/.m2/repository/commons-logging/commons-logging/1.2/commons-logging-1.2.jar:/Users/ravikantmishra/.m2/repository/commons-codec/commons-codec/1.11/commons-codec-1.11.jar:/Users/ravikantmishra/.m2/repository/org/apache/httpcomponents/httpmime/4.5.13/httpmime-4.5.13.jar:/Users/ravikantmishra/.m2/repository/org/hamcrest/hamcrest/2.2/hamcrest-2.2.jar:/Users/ravikantmishra/.m2/repository/org/ccil/cowan/tagsoup/tagsoup/1.2.1/tagsoup-1.2.1.jar:/Users/ravikantmishra/.m2/repository/io/rest-assured/json-path/5.4.0/json-path-5.4.0.jar:/Users/ravikantmishra/.m2/repository/org/apache/groovy/groovy-json/4.0.16/groovy-json-4.0.16.jar:/Users/ravikantmishra/.m2/repository/io/rest-assured/rest-assured-common/5.4.0/rest-assured-common-5.4.0.jar:/Users/ravikantmishra/.m2/repository/io/rest-assured/xml-path/5.4.0/xml-path-5.4.0.jar:/Users/ravikantmishra/.m2/repository/org/apache/commons/commons-lang3/3.11/commons-lang3-3.11.jar:/Users/ravikantmishra/.m2/repository/io/cucumber/cucumber-java/7.17.0/cucumber-java-7.17.0.jar:/Users/ravikantmishra/.m2/repository/io/cucumber/cucumber-core/7.17.0/cucumber-core-7.17.0.jar:/Users/ravikantmishra/.m2/repository/io/cucumber/cucumber-gherkin/7.17.0/cucumber-gherkin-7.17.0.jar:/Users/ravikantmishra/.m2/repository/io/cucumber/cucumber-gherkin-messages/7.17.0/cucumber-gherkin-messages-7.17.0.jar:/Users/ravikantmishra/.m2/repository/io/cucumber/gherkin/28.0.0/gherkin-28.0.0.jar:/Users/ravikantmishra/.m2/repository/io/cucumber/messages/24.1.0/messages-24.1.0.jar:/Users/ravikantmishra/.m2/repository/io/cucumber/testng-xml-formatter/0.1.0/testng-xml-formatter-0.1.0.jar:/Users/ravikantmishra/.m2/repository/io/cucumber/query/12.1.2/query-12.1.2.jar:/Users/ravikantmishra/.m2/repository/io/cucumber/tag-expressions/6.1.0/tag-expressions-6.1.0.jar:/Users/ravikantmishra/.m2/repository/io/cucumber/cucumber-expressions/17.1.0/cucumber-expressions-17.1.0.jar:/Users/ravikantmishra/.m2/repository/io/cucumber/datatable/7.17.0/datatable-7.17.0.jar:/Users/ravikantmishra/.m2/repository/io/cucumber/cucumber-plugin/7.17.0/cucumber-plugin-7.17.0.jar:/Users/ravikantmishra/.m2/repository/io/cucumber/docstring/7.17.0/docstring-7.17.0.jar:/Users/ravikantmishra/.m2/repository/io/cucumber/html-formatter/21.3.1/html-formatter-21.3.1.jar:/Users/ravikantmishra/.m2/repository/io/cucumber/junit-xml-formatter/0.4.0/junit-xml-formatter-0.4.0.jar:/Users/ravikantmishra/.m2/repository/io/cucumber/ci-environment/10.0.1/ci-environment-10.0.1.jar:/Users/ravikantmishra/.m2/repository/org/apiguardian/apiguardian-api/1.1.2/apiguardian-api-1.1.2.jar:/Users/ravikantmishra/.m2/repository/io/cucumber/cucumber-junit/7.17.0/cucumber-junit-7.17.0.jar:/Users/ravikantmishra/.m2/repository/com/fasterxml/jackson/core/jackson-databind/2.17.0/jackson-databind-2.17.0.jar:/Users/ravikantmishra/.m2/repository/com/fasterxml/jackson/core/jackson-annotations/2.17.0/jackson-annotations-2.17.0.jar:/Users/ravikantmishra/.m2/repository/com/fasterxml/jackson/core/jackson-core/2.17.0/jackson-core-2.17.0.jar:/Users/ravikantmishra/.m2/repository/net/bytebuddy/byte-buddy/1.14.9/byte-buddy-1.14.9.jar:/Users/ravikantmishra/.m2/repository/org/codehaus/groovy/groovy/3.0.21/groovy-3.0.21.jar:/Users/ravikantmishra/.m2/repository/junit/junit/4.13.2/junit-4.13.2.jar:/Users/ravikantmishra/.m2/repository/org/hamcrest/hamcrest-core/1.3/hamcrest-core-1.3.jar:/Users/ravikantmishra/.m2/repository/io/cucumber/cucumber-picocontainer/7.17.0/cucumber-picocontainer-7.17.0.jar:/Users/ravikantmishra/.m2/repository/org/picocontainer/picocontainer/2.15/picocontainer-2.15.jar:"/>
    <property name="sun.cpu.endian" value="little"/>
    <property name="user.home" value="/Users/ravikantmishra"/>
    <property name="user.language" value="en"/>
    <property name="java.specification.vendor" value="Oracle Corporation"/>
    <property name="java.version.date" value="2024-01-16"/>
    <property name="java.home" value="/opt/homebrew/Cellar/openjdk/21.0.2/libexec/openjdk.jdk/Contents/Home"/>
    <property name="file.separator" value="/"/>
    <property name="basedir" value="/Users/ravikantmishra/Documents/Automating_API"/>
    <property name="java.vm.compressedOopsMode" value="Zero based"/>
    <property name="line.separator" value="&#10;"/>
    <property name="java.vm.specification.vendor" value="Oracle Corporation"/>
    <property name="java.specification.name" value="Java Platform API Specification"/>
    <property name="apple.awt.application.name" value="ForkedBooter"/>
    <property name="surefire.real.class.path" value="/Users/ravikantmishra/Documents/Automating_API/target/surefire/surefirebooter-20240429152811262_3.jar"/>
    <property name="sun.management.compiler" value="HotSpot 64-Bit Tiered Compilers"/>
    <property name="ftp.nonProxyHosts" value="local|*.local|169.254/16|*.169.254/16"/>
    <property name="java.runtime.version" value="21.0.2"/>
    <property name="user.name" value="ravikantmishra"/>
    <property name="stdout.encoding" value="UTF-8"/>
    <property name="path.separator" value=":"/>
    <property name="os.version" value="13.5.2"/>
    <property name="java.runtime.name" value="OpenJDK Runtime Environment"/>
    <property name="file.encoding" value="UTF-8"/>
    <property name="java.vm.name" value="OpenJDK 64-Bit Server VM"/>
    <property name="java.vendor.version" value="Homebrew"/>
    <property name="localRepository" value="/Users/ravikantmishra/.m2/repository"/>
    <property name="cucumber.options" value="--tags @tag"/>
    <property name="java.vendor.url.bug" value="https://github.com/Homebrew/homebrew-core/issues"/>
    <property name="java.io.tmpdir" value="/var/folders/0b/6bvtdb5j6rq6wrd15tsm4g640000gn/T/"/>
    <property name="java.version" value="21.0.2"/>
    <property name="user.dir" value="/Users/ravikantmishra/Documents/Automating_API"/>
    <property name="os.arch" value="aarch64"/>
    <property name="java.vm.specification.name" value="Java Virtual Machine Specification"/>
    <property name="native.encoding" value="UTF-8"/>
    <property name="java.library.path" value="/Users/ravikantmishra/Library/Java/Extensions:/Library/Java/Extensions:/Network/Library/Java/Extensions:/System/Library/Java/Extensions:/usr/lib/java:."/>
    <property name="java.vm.info" value="mixed mode, sharing"/>
    <property name="stderr.encoding" value="UTF-8"/>
    <property name="java.vendor" value="Homebrew"/>
    <property name="java.vm.version" value="21.0.2"/>
    <property name="sun.io.unicode.encoding" value="UnicodeBig"/>
    <property name="socksNonProxyHosts" value="local|*.local|169.254/16|*.169.254/16"/>
    <property name="java.class.version" value="65.0"/>
  </properties>
  <testcase name="Verify if Delete place functionality is working" classname="Validating Place API&apos;s" time="3.65">
    <system-out><![CDATA[Request method:	POST
Request URI:	https://rahulshettyacademy.com/maps/api/place/add/json?key=qaclick123
Proxy:			<none>
Request params:	<none>
Query params:	key=qaclick123
Form params:	<none>
Path params:	<none>
Headers:		Accept=*/*
				Content-Type=text/plain; charset=ISO-8859-1
Cookies:		<none>
Multiparts:		<none>
Body:
{"location":{"lat":-38.383494,"lng":33.427362},"accuracy":60,"name":"Sonu","phone_number":"9594312007","address":"SangharshNagar","types":["Shoe park","shop"],"website":"https://bholachola.com","language":"Hindi"}
Request method:	GET
Request URI:	https://rahulshettyacademy.com/maps/api/place/get/json?key=qaclick123&place_id=117dd96882abb190e8cde515454d80a1
Proxy:			<none>
Request params:	<none>
Query params:	key=qaclick123
				place_id=117dd96882abb190e8cde515454d80a1
Form params:	<none>
Path params:	<none>
Headers:		Accept=*/*
Cookies:		<none>
Multiparts:		<none>
Body:			<none>
]]></system-out>
    <system-err><![CDATA[Apr 29, 2024 3:28:11 PM io.cucumber.core.options.CucumberPropertiesParser lambda$warnWhenCucumberOptionsIsUsed$2
WARNING: Passing commandline options via the property 'cucumber.options' is no longer supported. Please use individual properties instead. See the java doc on io.cucumber.core.options.Constants for details.
]]></system-err>
  </testcase>
</testsuite>